<?xml version="1.0" encoding="UTF-8"?>
<!-- Generated by org.testng.reporters.JUnitReportReporter -->
<testsuite hostname="DESKTOP-JETT67U" failures="0" tests="1" name="day5_14042025.GroupsDemo" time="0.015" errors="0" timestamp="2025-04-14T08:08:47 IST" skipped="0">
  <testcase classname="day5_14042025.GroupsDemo" name="test2" time="0.015"/>
  <system-out/>
</testsuite> <!-- day5_14042025.GroupsDemo -->
