<?xml version="1.0" encoding="UTF-8"?>
<!-- Generated by org.testng.reporters.JUnitReportReporter -->
<testsuite hostname="DESKTOP-JETT67U" failures="0" tests="1" name="day10_22042025.HybdridFramework" time="70.884" errors="0" timestamp="2025-04-22T08:10:02 IST" skipped="0">
  <testcase classname="day10_22042025.HybdridFramework" name="executionMethod" time="70.884"/>
  <system-out/>
</testsuite> <!-- day10_22042025.HybdridFramework -->
