<?xml version="1.0" encoding="UTF-8"?>
<!-- Generated by org.testng.reporters.JUnitReportReporter -->
<testsuite hostname="DESKTOP-JETT67U" failures="0" tests="2" name="day1_07042025.AnnotationsDemo" time="0.027" errors="0" timestamp="2025-04-07T08:31:15 IST" skipped="0">
  <testcase classname="day1_07042025.AnnotationsDemo" name="test1" time="0.012"/>
  <system-out/>
  <testcase classname="day1_07042025.AnnotationsDemo" name="test2" time="0.015"/>
  <system-out/>
</testsuite> <!-- day1_07042025.AnnotationsDemo -->
