<?xml version="1.0" encoding="UTF-8"?>
<!-- Generated by org.testng.reporters.JUnitReportReporter -->
<testsuite hostname="DESKTOP-JETT67U" failures="0" tests="3" name="day3_09042025.DataProviderDemo" time="17.436" errors="0" timestamp="2025-04-09T08:20:15 IST" skipped="0">
  <testcase classname="day3_09042025.DataProviderDemo" name="searchMobile" time="5.149"/>
  <system-out/>
  <testcase classname="day3_09042025.DataProviderDemo" name="searchMobile" time="5.709"/>
  <system-out/>
  <testcase classname="day3_09042025.DataProviderDemo" name="searchMobile" time="6.578"/>
  <system-out/>
</testsuite> <!-- day3_09042025.DataProviderDemo -->
