<?xml version="1.0" encoding="UTF-8"?>
<!-- Generated by org.testng.reporters.JUnitReportReporter -->
<testsuite hostname="DESKTOP-JETT67U" failures="0" tests="2" name="day3_09042025.DependencyMethodTestDemo" time="6.787" errors="0" timestamp="2025-04-09T07:56:51 IST" skipped="0">
  <testcase classname="day3_09042025.DependencyMethodTestDemo" name="setUp" time="5.826"/>
  <system-out/>
  <testcase classname="day3_09042025.DependencyMethodTestDemo" name="login" time="0.961"/>
  <system-out/>
</testsuite> <!-- day3_09042025.DependencyMethodTestDemo -->
