<?xml version="1.0" encoding="UTF-8"?>
<!-- Generated by org.testng.reporters.JUnitReportReporter -->
<testsuite hostname="DESKTOP-JETT67U" failures="0" tests="1" name="day8_19042025.DataDrivenFrameworkDemo" time="69.567" errors="0" timestamp="2025-04-19T08:40:28 IST" skipped="0">
  <testcase classname="day8_19042025.DataDrivenFrameworkDemo" name="executionMethod" time="69.567"/>
  <system-out/>
</testsuite> <!-- day8_19042025.DataDrivenFrameworkDemo -->
