<?xml version="1.0" encoding="UTF-8"?>
<!-- Generated by org.testng.reporters.JUnitReportReporter -->
<testsuite hostname="DESKTOP-JETT67U" failures="0" tests="1" name="day3_09042025.Parent" time="5.600" errors="0" timestamp="2025-04-09T07:56:51 IST" skipped="0">
  <testcase classname="day3_09042025.Parent" name="setUp" time="5.600"/>
  <system-out/>
</testsuite> <!-- day3_09042025.Parent -->
