<?xml version="1.0" encoding="UTF-8"?>
<!-- Generated by org.testng.reporters.JUnitReportReporter -->
<testsuite hostname="DESKTOP-JETT67U" failures="0" tests="3" name="day4_11042025.ListenersDemo" time="7.568" errors="0" timestamp="2025-05-06T08:34:56 IST" skipped="1">
  <testcase classname="day4_11042025.ListenersDemo" name="testToBeSkipped" time="0.001">
    <skipped/>
  </testcase> <!-- testToBeSkipped -->
  <testcase classname="day4_11042025.ListenersDemo" name="login" time="7.557"/>
  <testcase classname="day4_11042025.ListenersDemo" name="testToBeFailed" time="0.010"/>
</testsuite> <!-- day4_11042025.ListenersDemo -->
