<?xml version="1.0" encoding="UTF-8"?>
<!-- Generated by org.testng.reporters.JUnitReportReporter -->
<testsuite hostname="DESKTOP-JETT67U" failures="0" tests="4" name="day5_14042025.GroupsDemo" time="0.010" errors="0" timestamp="2025-05-06T08:03:39 IST" skipped="0">
  <testcase classname="day5_14042025.GroupsDemo" name="test5" time="0.001"/>
  <testcase classname="day5_14042025.GroupsDemo" name="test6" time="0.002"/>
  <testcase classname="day5_14042025.GroupsDemo" name="test7" time="0.001"/>
  <testcase classname="day5_14042025.GroupsDemo" name="test3" time="0.006"/>
</testsuite> <!-- day5_14042025.GroupsDemo -->
